[debug] [2026-03-29T09:38:02.449Z] ----------------------------------------------------------------------
[debug] [2026-03-29T09:38:02.454Z] Command:       D:\node.exe C:\Users\ASUS\AppData\Roaming\npm\node_modules\firebase-tools\lib\bin\firebase.js init
[debug] [2026-03-29T09:38:02.455Z] CLI Version:   15.12.0
[debug] [2026-03-29T09:38:02.455Z] Platform:      win32
[debug] [2026-03-29T09:38:02.455Z] Node Version:  v25.5.0
[debug] [2026-03-29T09:38:02.456Z] Time:          Sun Mar 29 2026 15:08:02 GMT+0530 (भारतीय मानक समय)
[debug] [2026-03-29T09:38:02.456Z] ----------------------------------------------------------------------
[debug] 
[info] 
     ######## #### ########  ######## ########     ###     ######  ########
     ##        ##  ##     ## ##       ##     ##  ##   ##  ##       ##
     ######    ##  ########  ######   ########  #########  ######  ######
     ##        ##  ##    ##  ##       ##     ## ##     ##       ## ##
     ##       #### ##     ## ######## ########  ##     ##  ######  ########

You're about to initialize a Firebase project in this directory:

  C:\Users\ASUS\Downloads\onxmariners\frontend

[debug] [2026-03-29T09:50:56.728Z] ----------------------------------------------------------------------
[debug] [2026-03-29T09:50:56.735Z] Command:       D:\node.exe C:\Users\ASUS\AppData\Roaming\npm\node_modules\firebase-tools\lib\bin\firebase.js init
[debug] [2026-03-29T09:50:56.736Z] CLI Version:   15.12.0
[debug] [2026-03-29T09:50:56.736Z] Platform:      win32
[debug] [2026-03-29T09:50:56.736Z] Node Version:  v25.5.0
[debug] [2026-03-29T09:50:56.736Z] Time:          Sun Mar 29 2026 15:20:56 GMT+0530 (भारतीय मानक समय)
[debug] [2026-03-29T09:50:56.737Z] ----------------------------------------------------------------------
[debug] 
[info] 
     ######## #### ########  ######## ########     ###     ######  ########
     ##        ##  ##     ## ##       ##     ##  ##   ##  ##       ##
     ######    ##  ########  ######   ########  #########  ######  ######
     ##        ##  ##    ##  ##       ##     ## ##     ##       ## ##
     ##       #### ##     ## ######## ########  ##     ##  ######  ########

You're about to initialize a Firebase project in this directory:

  C:\Users\ASUS\Downloads\onxmariners\frontend

[info] 
=== Project Setup
[info] 
[info] First, let's associate this project directory with a Firebase project.
[info] You can create multiple project aliases by running firebase use --add, 
[info] 
[debug] [2026-03-29T09:51:15.852Z] > command requires scopes: ["email","openid","https://www.googleapis.com/auth/cloudplatformprojects.readonly","https://www.googleapis.com/auth/firebase","https://www.googleapis.com/auth/cloud-platform"]
[debug] [2026-03-29T09:51:15.853Z] > authorizing via signed-in user (businessmariners@gmail.com)
[debug] [2026-03-29T09:51:15.858Z] Checked if tokens are valid: true, expires at: 1774781355959
[debug] [2026-03-29T09:51:15.859Z] Checked if tokens are valid: true, expires at: 1774781355959
[debug] [2026-03-29T09:51:15.867Z] >>> [apiv2][query] GET https://firebase.googleapis.com/v1beta1/projects/monkey-mariners [none]
[debug] [2026-03-29T09:51:17.679Z] <<< [apiv2][status] GET https://firebase.googleapis.com/v1beta1/projects/monkey-mariners 403
[debug] [2026-03-29T09:51:17.679Z] <<< [apiv2][body] GET https://firebase.googleapis.com/v1beta1/projects/monkey-mariners {"error":{"code":403,"message":"The caller does not have permission","status":"PERMISSION_DENIED"}}
[debug] [2026-03-29T09:51:17.680Z] Request to https://firebase.googleapis.com/v1beta1/projects/monkey-mariners had HTTP Error: 403, The caller does not have permission
[debug] [2026-03-29T09:51:17.993Z] FirebaseError: Request to https://firebase.googleapis.com/v1beta1/projects/monkey-mariners had HTTP Error: 403, The caller does not have permission
    at responseToError (C:\Users\ASUS\AppData\Roaming\npm\node_modules\firebase-tools\lib\responseToError.js:53:12)
    at RetryOperation._fn (C:\Users\ASUS\AppData\Roaming\npm\node_modules\firebase-tools\lib\apiv2.js:333:77)
    at process.processTicksAndRejections (node:internal/process/task_queues:104:5)
[error] 
[error] Error: Failed to get Firebase project monkey-mariners. Please make sure the project exists and your account has permission to access it.
